<?xml version="1.0" encoding="UTF-8"?>
<!-- Generated by org.testng.reporters.JUnitXMLReporter -->
<testsuite ignored="0" hostname="DESKTOP-93MOUUG" failures="0" tests="3" name="Default test" time="16.455" errors="0" timestamp="2024-05-13T11:12:28 NPT">
  <testcase classname="demoProjectPackage1.TestClass1" name="test1" time="2.596"/>
  <testcase classname="demoProjectPackage1.TestClass1" name="test2" time="2.528"/>
  <testcase classname="demoProjectPackage1.TestClass1" name="test3" time="3.276"/>
</testsuite> <!-- Default test -->
