<?xml version="1.0" encoding="UTF-8"?>
<testng-results ignored="0" total="3" passed="3" failed="0" skipped="0">
  <reporter-output>
  </reporter-output>
  <suite started-at="2024-05-13T11:12:11 NPT" name="Default suite" finished-at="2024-05-13T11:12:28 NPT" duration-ms="16455">
    <groups>
    </groups>
    <test started-at="2024-05-13T11:12:11 NPT" name="Default test" finished-at="2024-05-13T11:12:28 NPT" duration-ms="16455">
      <class name="demoProjectPackage1.TestClass1">
        <test-method is-config="true" signature="lunchDriver()[pri:0, instance:demoProjectPackage1.TestClass1@28701274]" started-at="2024-05-13T11:12:11 NPT" name="lunchDriver" finished-at="2024-05-13T11:12:17 NPT" duration-ms="5998" status="PASS">
          <reporter-output>
          </reporter-output>
        </test-method> <!-- lunchDriver -->
        <test-method signature="test1()[pri:0, instance:demoProjectPackage1.TestClass1@28701274]" started-at="2024-05-13T11:12:17 NPT" name="test1" finished-at="2024-05-13T11:12:20 NPT" duration-ms="2596" status="PASS">
          <reporter-output>
          </reporter-output>
        </test-method> <!-- test1 -->
        <test-method is-config="true" signature="lunchDriver()[pri:0, instance:demoProjectPackage1.TestClass1@28701274]" started-at="2024-05-13T11:12:20 NPT" name="lunchDriver" finished-at="2024-05-13T11:12:21 NPT" duration-ms="825" status="PASS">
          <reporter-output>
          </reporter-output>
        </test-method> <!-- lunchDriver -->
        <test-method signature="test2()[pri:0, instance:demoProjectPackage1.TestClass1@28701274]" started-at="2024-05-13T11:12:21 NPT" name="test2" finished-at="2024-05-13T11:12:23 NPT" duration-ms="2528" status="PASS">
          <reporter-output>
          </reporter-output>
        </test-method> <!-- test2 -->
        <test-method is-config="true" signature="lunchDriver()[pri:0, instance:demoProjectPackage1.TestClass1@28701274]" started-at="2024-05-13T11:12:23 NPT" name="lunchDriver" finished-at="2024-05-13T11:12:24 NPT" duration-ms="1060" status="PASS">
          <reporter-output>
          </reporter-output>
        </test-method> <!-- lunchDriver -->
        <test-method signature="test3()[pri:0, instance:demoProjectPackage1.TestClass1@28701274]" started-at="2024-05-13T11:12:24 NPT" name="test3" finished-at="2024-05-13T11:12:28 NPT" duration-ms="3276" status="PASS">
          <reporter-output>
          </reporter-output>
        </test-method> <!-- test3 -->
        <test-method is-config="true" signature="Quit()[pri:0, instance:demoProjectPackage1.TestClass1@28701274]" started-at="2024-05-13T11:12:28 NPT" name="Quit" finished-at="2024-05-13T11:12:28 NPT" duration-ms="132" status="PASS">
          <reporter-output>
          </reporter-output>
        </test-method> <!-- Quit -->
      </class> <!-- demoProjectPackage1.TestClass1 -->
    </test> <!-- Default test -->
  </suite> <!-- Default suite -->
</testng-results>
